# JRE version: OpenJDK Runtime Environment (8.0_312-b07) (build 1.8.0_312-b07)
# Java VM: OpenJDK 64-Bit Server VM (25.312-b07 mixed mode windows-amd64 compressed oops)
Heap:
 PSYoungGen      total 354304K, used 29364K [0x000000076b700000, 0x0000000781d80000, 0x00000007c0000000)
  eden space 349696K, 7% used [0x000000076b700000,0x000000076d0f1158,0x0000000780c80000)
  from space 4608K, 60% used [0x0000000781900000,0x0000000781bbc060,0x0000000781d80000)
  to   space 8704K, 0% used [0x0000000780c80000,0x0000000780c80000,0x0000000781500000)
 ParOldGen       total 148480K, used 20648K [0x00000006c2400000, 0x00000006cb500000, 0x000000076b700000)
  object space 148480K, 13% used [0x00000006c2400000,0x00000006c382a188,0x00000006cb500000)
 Metaspace       used 52498K, capacity 54148K, committed 54360K, reserved 1097728K
  class space    used 6584K, capacity 6926K, committed 7000K, reserved 1048576K
GC Heap History (10 events):
Event: 5.133 GC heap before
{Heap before GC invocations=10 (full 1):
 PSYoungGen      total 209920K, used 208288K [0x000000076b700000, 0x0000000779100000, 0x00000007c0000000)
  eden space 202752K, 100% used [0x000000076b700000,0x0000000777d00000,0x0000000777d00000)
  from space 7168K, 77% used [0x0000000778480000,0x00000007789e8030,0x0000000778b80000)
  to   space 7680K, 0% used [0x0000000777d00000,0x0000000777d00000,0x0000000778480000)
 ParOldGen       total 96256K, used 6145K [0x00000006c2400000, 0x00000006c8200000, 0x000000076b700000)
  object space 96256K, 6% used [0x00000006c2400000,0x00000006c2a00708,0x00000006c8200000)
 Metaspace       used 33226K, capacity 34480K, committed 34560K, reserved 1079296K
  class space    used 4253K, capacity 4530K, committed 4608K, reserved 1048576K
Event: 5.140 GC heap after
Heap after GC invocations=10 (full 1):
 PSYoungGen      total 210432K, used 6272K [0x000000076b700000, 0x000000077d400000, 0x00000007c0000000)
  eden space 202752K, 0% used [0x000000076b700000,0x000000076b700000,0x0000000777d00000)
  from space 7680K, 81% used [0x0000000777d00000,0x0000000778320000,0x0000000778480000)
  to   space 7680K, 0% used [0x000000077cc80000,0x000000077cc80000,0x000000077d400000)
 ParOldGen       total 96256K, used 8069K [0x00000006c2400000, 0x00000006c8200000, 0x000000076b700000)
  object space 96256K, 8% used [0x00000006c2400000,0x00000006c2be1778,0x00000006c8200000)
 Metaspace       used 33226K, capacity 34480K, committed 34560K, reserved 1079296K
  class space    used 4253K, capacity 4530K, committed 4608K, reserved 1048576K
}
Event: 5.233 GC heap before
{Heap before GC invocations=11 (full 1):
 PSYoungGen      total 210432K, used 27863K [0x000000076b700000, 0x000000077d400000, 0x00000007c0000000)
  eden space 202752K, 10% used [0x000000076b700000,0x000000076cc15ee8,0x0000000777d00000)
  from space 7680K, 81% used [0x0000000777d00000,0x0000000778320000,0x0000000778480000)
  to   space 7680K, 0% used [0x000000077cc80000,0x000000077cc80000,0x000000077d400000)
 ParOldGen       total 96256K, used 8069K [0x00000006c2400000, 0x00000006c8200000, 0x000000076b700000)
  object space 96256K, 8% used [0x00000006c2400000,0x00000006c2be1778,0x00000006c8200000)
 Metaspace       used 34009K, capacity 35316K, committed 35416K, reserved 1079296K
  class space    used 4347K, capacity 4632K, committed 4696K, reserved 1048576K
Event: 5.237 GC heap after
Heap after GC invocations=11 (full 1):
 PSYoungGen      total 284160K, used 3616K [0x000000076b700000, 0x000000077e200000, 0x00000007c0000000)
  eden space 276480K, 0% used [0x000000076b700000,0x000000076b700000,0x000000077c500000)
  from space 7680K, 47% used [0x000000077cc80000,0x000000077d008000,0x000000077d400000)
  to   space 7680K, 0% used [0x000000077c500000,0x000000077c500000,0x000000077cc80000)
 ParOldGen       total 96256K, used 10970K [0x00000006c2400000, 0x00000006c8200000, 0x000000076b700000)
  object space 96256K, 11% used [0x00000006c2400000,0x00000006c2eb6b60,0x00000006c8200000)
 Metaspace       used 34009K, capacity 35316K, committed 35416K, reserved 1079296K
  class space    used 4347K, capacity 4632K, committed 4696K, reserved 1048576K
}
Event: 5.237 GC heap before
{Heap before GC invocations=12 (full 2):
 PSYoungGen      total 284160K, used 3616K [0x000000076b700000, 0x000000077e200000, 0x00000007c0000000)
  eden space 276480K, 0% used [0x000000076b700000,0x000000076b700000,0x000000077c500000)
  from space 7680K, 47% used [0x000000077cc80000,0x000000077d008000,0x000000077d400000)
  to   space 7680K, 0% used [0x000000077c500000,0x000000077c500000,0x000000077cc80000)
 ParOldGen       total 96256K, used 10970K [0x00000006c2400000, 0x00000006c8200000, 0x000000076b700000)
  object space 96256K, 11% used [0x00000006c2400000,0x00000006c2eb6b60,0x00000006c8200000)
 Metaspace       used 34009K, capacity 35316K, committed 35416K, reserved 1079296K
  class space    used 4347K, capacity 4632K, committed 4696K, reserved 1048576K
Event: 5.306 GC heap after
Heap after GC invocations=12 (full 2):
 PSYoungGen      total 284160K, used 0K [0x000000076b700000, 0x000000077e200000, 0x00000007c0000000)
  eden space 276480K, 0% used [0x000000076b700000,0x000000076b700000,0x000000077c500000)
  from space 7680K, 0% used [0x000000077cc80000,0x000000077cc80000,0x000000077d400000)
  to   space 7680K, 0% used [0x000000077c500000,0x000000077c500000,0x000000077cc80000)
 ParOldGen       total 148480K, used 13374K [0x00000006c2400000, 0x00000006cb500000, 0x000000076b700000)
  object space 148480K, 9% used [0x00000006c2400000,0x00000006c310f870,0x00000006cb500000)
 Metaspace       used 34009K, capacity 35316K, committed 35416K, reserved 1079296K
  class space    used 4347K, capacity 4632K, committed 4696K, reserved 1048576K
}
Event: 7.647 GC heap before
{Heap before GC invocations=13 (full 2):
 PSYoungGen      total 284160K, used 276480K [0x000000076b700000, 0x000000077e200000, 0x00000007c0000000)
  eden space 276480K, 100% used [0x000000076b700000,0x000000077c500000,0x000000077c500000)
  from space 7680K, 0% used [0x000000077cc80000,0x000000077cc80000,0x000000077d400000)
  to   space 7680K, 0% used [0x000000077c500000,0x000000077c500000,0x000000077cc80000)
 ParOldGen       total 148480K, used 13374K [0x00000006c2400000, 0x00000006cb500000, 0x000000076b700000)
  object space 148480K, 9% used [0x00000006c2400000,0x00000006c310f870,0x00000006cb500000)
 Metaspace       used 47395K, capacity 48990K, committed 49240K, reserved 1091584K
  class space    used 5881K, capacity 6197K, committed 6232K, reserved 1048576K
Event: 7.654 GC heap after
Heap after GC invocations=13 (full 2):
 PSYoungGen      total 284160K, used 7672K [0x000000076b700000, 0x0000000782180000, 0x00000007c0000000)
  eden space 276480K, 0% used [0x000000076b700000,0x000000076b700000,0x000000077c500000)
  from space 7680K, 99% used [0x000000077c500000,0x000000077cc7e080,0x000000077cc80000)
  to   space 8704K, 0% used [0x0000000781900000,0x0000000781900000,0x0000000782180000)
 ParOldGen       total 148480K, used 13514K [0x00000006c2400000, 0x00000006cb500000, 0x000000076b700000)
  object space 148480K, 9% used [0x00000006c2400000,0x00000006c31328f8,0x00000006cb500000)
 Metaspace       used 47395K, capacity 48990K, committed 49240K, reserved 1091584K
  class space    used 5881K, capacity 6197K, committed 6232K, reserved 1048576K
}
Event: 8.301 GC heap before
{Heap before GC invocations=14 (full 2):
 PSYoungGen      total 284160K, used 284152K [0x000000076b700000, 0x0000000782180000, 0x00000007c0000000)
  eden space 276480K, 100% used [0x000000076b700000,0x000000077c500000,0x000000077c500000)
  from space 7680K, 99% used [0x000000077c500000,0x000000077cc7e080,0x000000077cc80000)
  to   space 8704K, 0% used [0x0000000781900000,0x0000000781900000,0x0000000782180000)
 ParOldGen       total 148480K, used 13514K [0x00000006c2400000, 0x00000006cb500000, 0x000000076b700000)
  object space 148480K, 9% used [0x00000006c2400000,0x00000006c31328f8,0x00000006cb500000)
 Metaspace       used 51919K, capacity 53494K, committed 53720K, reserved 1095680K
  class space    used 6517K, capacity 6859K, committed 6872K, reserved 1048576K
Event: 8.306 GC heap after
Heap after GC invocations=14 (full 2):
 PSYoungGen      total 354304K, used 2800K [0x000000076b700000, 0x0000000781d80000, 0x00000007c0000000)
  eden space 349696K, 0% used [0x000000076b700000,0x000000076b700000,0x0000000780c80000)
  from space 4608K, 60% used [0x0000000781900000,0x0000000781bbc060,0x0000000781d80000)
  to   space 8704K, 0% used [0x0000000780c80000,0x0000000780c80000,0x0000000781500000)
 ParOldGen       total 148480K, used 20648K [0x00000006c2400000, 0x00000006cb500000, 0x000000076b700000)
  object space 148480K, 13% used [0x00000006c2400000,0x00000006c382a188,0x00000006cb500000)
 Metaspace       used 51919K, capacity 53494K, committed 53720K, reserved 1095680K
  class space    used 6517K, capacity 6859K, committed 6872K, reserved 1048576K
}

